<?xml version="1.0" encoding="UTF-8"?>
<!-- Generated by org.testng.reporters.JUnitReportReporter -->
<testsuite hostname="SWAPNA" failures="0" tests="6" name="runners.TestRunner" time="190.445" errors="0" timestamp="2025-09-08T01:20:49 IST" skipped="0">
  <testcase classname="runners.TestRunner" name="runScenario" time="24.977"/>
  <testcase classname="runners.TestRunner" name="runScenario" time="44.813"/>
  <testcase classname="runners.TestRunner" name="runScenario" time="45.091"/>
  <testcase classname="runners.TestRunner" name="runScenario" time="34.519"/>
  <testcase classname="runners.TestRunner" name="runScenario" time="24.065"/>
  <testcase classname="runners.TestRunner" name="runScenario" time="16.980"/>
</testsuite> <!-- runners.TestRunner -->
